[debug] [2024-06-25T18:29:18.277Z] ----------------------------------------------------------------------
[debug] [2024-06-25T18:29:18.279Z] Command:       /usr/local/bin/node /usr/local/bin/firebase init
[debug] [2024-06-25T18:29:18.279Z] CLI Version:   13.11.4
[debug] [2024-06-25T18:29:18.279Z] Platform:      darwin
[debug] [2024-06-25T18:29:18.279Z] Node Version:  v20.11.1
[debug] [2024-06-25T18:29:18.279Z] Time:          Tue Jun 25 2024 23:59:18 GMT+0530 (India Standard Time)
[debug] [2024-06-25T18:29:18.279Z] ----------------------------------------------------------------------
[debug] 
[debug] [2024-06-25T18:29:18.281Z] > command requires scopes: ["email","openid","https://www.googleapis.com/auth/cloudplatformprojects.readonly","https://www.googleapis.com/auth/firebase","https://www.googleapis.com/auth/cloud-platform"]
[debug] [2024-06-25T18:29:18.281Z] > authorizing via signed-in user (srikant.jyrmn@gmail.com)
[info] 
     ######## #### ########  ######## ########     ###     ######  ########
     ##        ##  ##     ## ##       ##     ##  ##   ##  ##       ##
     ######    ##  ########  ######   ########  #########  ######  ######
     ##        ##  ##    ##  ##       ##     ## ##     ##       ## ##
     ##       #### ##     ## ######## ########  ##     ##  ######  ########

You're about to initialize a Firebase project in this directory:

  /Users/reorganism/Documents/GitHub/firebase

[info] 
=== Project Setup
[info] 
[info] First, let's associate this project directory with a Firebase project.
[info] You can create multiple project aliases by running firebase use --add, 
[info] but for now we'll just set up a default project.
[info] 
[debug] [2024-06-25T18:29:31.817Z] >>> [apiv2][query] GET https://firebase.googleapis.com/v1beta1/projects pageSize=100
[debug] [2024-06-25T18:29:32.674Z] <<< [apiv2][status] GET https://firebase.googleapis.com/v1beta1/projects 200
[debug] [2024-06-25T18:29:32.674Z] <<< [apiv2][body] GET https://firebase.googleapis.com/v1beta1/projects [omitted]
[info] i  Using project reorganism-555a9 (Reorganism ) 
[info] 
=== Hosting Setup
[debug] [2024-06-25T18:29:34.222Z] >>> [apiv2][query] GET https://firebase.googleapis.com/v1beta1/projects/reorganism-555a9 [none]
[debug] [2024-06-25T18:29:34.621Z] <<< [apiv2][status] GET https://firebase.googleapis.com/v1beta1/projects/reorganism-555a9 200
[debug] [2024-06-25T18:29:34.621Z] <<< [apiv2][body] GET https://firebase.googleapis.com/v1beta1/projects/reorganism-555a9 {"projectId":"reorganism-555a9","projectNumber":"592621109776","displayName":"Reorganism ","name":"projects/reorganism-555a9","resources":{"hostingSite":"reorganism-555a9"},"state":"ACTIVE","etag":"1_30fc9aff-10be-4c83-87b9-8fc65a3627c6"}
[info] 
[info] Your public directory is the folder (relative to your project directory) that
[info] will contain Hosting assets to be uploaded with firebase deploy. If you
[info] have a build process for your assets, use your build's output directory.
[info] 
[debug] [2024-06-25T18:30:13.571Z] >>> [apiv2][query] GET https://www.gstatic.com/firebasejs/releases.json [none]
[debug] [2024-06-25T18:30:13.844Z] <<< [apiv2][status] GET https://www.gstatic.com/firebasejs/releases.json 200
[debug] [2024-06-25T18:30:13.845Z] <<< [apiv2][body] GET https://www.gstatic.com/firebasejs/releases.json {"current":{"version":"10.12.2","browserURL":"https://www.gstatic.com/firebasejs/10.12.2/firebase.js","packageURL":"https://www.gstatic.com/firebasejs/10.12.2/firebase.tgz"},"live":{"version":"10.12","browserURL":"https://www.gstatic.com/firebasejs/live/10.12/firebase.js","packageURL":"https://www.gstatic.com/firebasejs/live/10.12/firebase.tgz"},"components":{"analytics":"https://www.gstatic.com/firebasejs/10.12.2/firebase-analytics.js","app":"https://www.gstatic.com/firebasejs/10.12.2/firebase-app.js","app-check":"https://www.gstatic.com/firebasejs/10.12.2/firebase-app-check.js","auth":"https://www.gstatic.com/firebasejs/10.12.2/firebase-auth.js","auth/cordova":"https://www.gstatic.com/firebasejs/10.12.2/firebase-auth/cordova.js","auth/web-extension":"https://www.gstatic.com/firebasejs/10.12.2/firebase-auth/web-extension.js","functions":"https://www.gstatic.com/firebasejs/10.12.2/firebase-functions.js","firestore":"https://www.gstatic.com/firebasejs/10.12.2/firebase-firestore.js","firestore/lite":"https://www.gstatic.com/firebasejs/10.12.2/firebase-firestore/lite.js","installations":"https://www.gstatic.com/firebasejs/10.12.2/firebase-installations.js","storage":"https://www.gstatic.com/firebasejs/10.12.2/firebase-storage.js","performance":"https://www.gstatic.com/firebasejs/10.12.2/firebase-performance.js","remote-config":"https://www.gstatic.com/firebasejs/10.12.2/firebase-remote-config.js","messaging":"https://www.gstatic.com/firebasejs/10.12.2/firebase-messaging.js","messaging/sw":"https://www.gstatic.com/firebasejs/10.12.2/firebase-messaging/sw.js","database":"https://www.gstatic.com/firebasejs/10.12.2/firebase-database.js","vertexai-preview":"https://www.gstatic.com/firebasejs/10.12.2/firebase-vertexai-preview.js","firestore.memory":"https://www.gstatic.com/firebasejs/10.12.2/firebase-firestore.memory.js"}}
[info] ✔  Wrote public/index.html 
[info] 
[info] i  Didn't detect a .git folder. Assuming /Users/reorganism/Documents/GitHub/firebase is the project root. 
[info] i  Authorizing with GitHub to upload your service account to a GitHub repository's secrets store. 
[info] 
[info] Visit this URL on this device to log in:
[info] https://github.com/login/oauth/authorize?client_id=89cf50f02ac6aaed3484&state=97777225&redirect_uri=http%3A%2F%2Flocalhost%3A9005&scope=read%3Auser%20repo%20public_repo
[info] 
[info] Waiting for authentication...
[debug] [2024-06-25T18:30:22.688Z] >>> [apiv2][query] POST https://github.com/login/oauth/access_token [none]
[debug] [2024-06-25T18:30:22.688Z] >>> [apiv2][body] POST https://github.com/login/oauth/access_token [stream]
[debug] [2024-06-25T18:30:23.146Z] <<< [apiv2][status] POST https://github.com/login/oauth/access_token 200
[debug] [2024-06-25T18:30:23.147Z] <<< [apiv2][body] POST https://github.com/login/oauth/access_token {"access_token":"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","token_type":"bearer","scope":"read:user,repo"}
[debug] [2024-06-25T18:30:23.159Z] >>> [apiv2][query] GET https://api.github.com/user [none]
[debug] [2024-06-25T18:30:23.760Z] <<< [apiv2][status] GET https://api.github.com/user 200
[debug] [2024-06-25T18:30:23.761Z] <<< [apiv2][body] GET https://api.github.com/user {"login":"srikantjyrmn","id":18740709,"node_id":"MDQ6VXNlcjE4NzQwNzA5","avatar_url":"https://avatars.githubusercontent.com/u/18740709?v=4","gravatar_id":"","url":"https://api.github.com/users/srikantjyrmn","html_url":"https://github.com/srikantjyrmn","followers_url":"https://api.github.com/users/srikantjyrmn/followers","following_url":"https://api.github.com/users/srikantjyrmn/following{/other_user}","gists_url":"https://api.github.com/users/srikantjyrmn/gists{/gist_id}","starred_url":"https://api.github.com/users/srikantjyrmn/starred{/owner}{/repo}","subscriptions_url":"https://api.github.com/users/srikantjyrmn/subscriptions","organizations_url":"https://api.github.com/users/srikantjyrmn/orgs","repos_url":"https://api.github.com/users/srikantjyrmn/repos","events_url":"https://api.github.com/users/srikantjyrmn/events{/privacy}","received_events_url":"https://api.github.com/users/srikantjyrmn/received_events","type":"User","site_admin":false,"name":"Srikant Jayaraman","company":null,"blog":"","location":null,"email":null,"hireable":true,"bio":null,"twitter_username":null,"public_repos":7,"public_gists":0,"followers":0,"following":1,"created_at":"2016-04-29T15:37:53Z","updated_at":"2024-06-25T09:26:55Z","private_gists":1,"total_private_repos":6,"owned_private_repos":6,"disk_usage":95615,"collaborators":2,"two_factor_authentication":false,"plan":{"name":"free","space":976562499,"collaborators":0,"private_repos":10000}}
[info] 
[info] ✔  Success! Logged into GitHub as srikantjyrmn 
[info] 
